<?xml version="1.0" encoding="UTF-8"?>
<testsuite name="MockJunitTest" tests="1" skipped="0" failures="0" errors="0" timestamp="2020-01-10T16:10:43" hostname="BTT-WIN10-ASN57" time="0.094">
  <properties/>
  <testcase name="testSample" classname="MockJunitTest" time="0.094"/>
  <system-out><![CDATA[202 ACCEPTED]]></system-out>
  <system-err><![CDATA[]]></system-err>
</testsuite>
